2025-02-12 00:16:59,872 [INFO] Gpio:277 - dependency for GPIO [SYS]
2025-02-12 00:17:02,328 [INFO] UtilMem:75 - End SaveConfig() Used Memory: 270658888 Bytes (730857472)
2025-02-12 00:17:03,759 [INFO] UtilMem:75 - End SaveConfig() Used Memory: 287962440 Bytes (730857472)
2025-02-12 00:17:04,939 [INFO] UtilMem:75 - End SaveConfig() Used Memory: 373419336 Bytes (730857472)
2025-02-12 00:17:05,151 [INFO] BlockDiagram:2766 - set Specific Code input for plugin: NVIC
2025-02-12 00:17:05,153 [INFO] BlockDiagram:2766 - set Specific Code input for plugin: SYS
2025-02-12 00:17:05,156 [INFO] BlockDiagram:2766 - set Specific Code input for plugin: GPIO
2025-02-12 00:17:05,156 [INFO] BlockDiagram:2766 - set Specific Code input for plugin: RCC
2025-02-12 00:17:05,157 [INFO] CodeGenerator:896 - code generatio: config db path: /Applications/STM32CubeIDE.app/Contents/Eclipse/plugins/com.st.stm32cube.common.mx_6.13.0.202411220809//db/
2025-02-12 00:17:05,227 [INFO] CodeEngine:255 - oldGeneratedFile, /Users/simon/project/first/MXTmpFiles/license.tmp_save
2025-02-12 00:17:05,549 [INFO] CodeEngine:279 - Generated code: /Users/simon/project/first/MXTmpFiles/license.tmp
2025-02-12 00:17:05,586 [INFO] CodeEngine:255 - oldGeneratedFile, /Users/simon/project/first/MXTmpFiles/gpio.tmp_save
2025-02-12 00:17:05,657 [INFO] CodeEngine:279 - Generated code: /Users/simon/project/first/MXTmpFiles/gpio.tmp
2025-02-12 00:17:05,678 [INFO] CodeEngine:255 - oldGeneratedFile, /Users/simon/project/first/Core/Src/stm32f1xx_it.c_save
2025-02-12 00:17:05,804 [INFO] CodeEngine:279 - Generated code: /Users/simon/project/first/Core/Src/stm32f1xx_it.c
2025-02-12 00:17:05,807 [INFO] CodeEngine:255 - oldGeneratedFile, /Users/simon/project/first/Core/Inc/stm32f1xx_it.h_save
2025-02-12 00:17:05,848 [INFO] CodeEngine:279 - Generated code: /Users/simon/project/first/Core/Inc/stm32f1xx_it.h
2025-02-12 00:17:05,855 [INFO] CodeEngine:255 - oldGeneratedFile, /Users/simon/project/first/Core/Src/stm32f1xx_hal_msp.c_save
2025-02-12 00:17:05,931 [INFO] CodeEngine:279 - Generated code: /Users/simon/project/first/Core/Src/stm32f1xx_hal_msp.c
2025-02-12 00:17:05,933 [INFO] CodeEngine:255 - oldGeneratedFile, /Users/simon/project/first/MXTmpFiles/system.tmp_save
2025-02-12 00:17:05,972 [INFO] CodeEngine:279 - Generated code: /Users/simon/project/first/MXTmpFiles/system.tmp
2025-02-12 00:17:05,975 [INFO] CodeEngine:311 - oldGeneratedFile, /Users/simon/project/first/Core/Inc/stm32f1xx_hal_conf.h_save
2025-02-12 00:17:06,021 [INFO] CodeEngine:335 - Generated code: /Users/simon/project/first/Core/Inc/stm32f1xx_hal_conf.h
2025-02-12 00:17:06,050 [INFO] CodeEngine:255 - oldGeneratedFile, /Users/simon/project/first/Core/Inc/main.h_save
2025-02-12 00:17:06,140 [INFO] CodeEngine:279 - Generated code: /Users/simon/project/first/Core/Inc/main.h
2025-02-12 00:17:06,142 [INFO] CodeEngine:255 - oldGeneratedFile, /Users/simon/project/first/Core/Src/main.c_save
2025-02-12 00:17:06,212 [INFO] CodeEngine:279 - Generated code: /Users/simon/project/first/Core/Src/main.c
2025-02-12 00:17:06,347 [INFO] ProjectBuilder:3289 - Time for Copy HAL[1] : 36mS.
2025-02-12 00:17:06,349 [INFO] ProjectBuilder:4876 - Project Generator version: 4.5.0-RC5
2025-02-12 00:17:06,404 [INFO] ConfigFileManager:1579 - The Die is : DIE410
2025-02-12 00:17:08,627 [INFO] ProjectBuilder:5154 - Time for Generating toolchain IDE Files: 2260mS.
2025-02-12 00:17:08,644 [INFO] ProjectBuilder:3146 - Time for Copy CMSIS : 3mS.
2025-02-12 00:17:08,648 [INFO] ProjectBuilder:3146 - Time for Copy CMSIS : 1mS.
2025-02-12 00:31:05,072 [INFO] Gpio:277 - dependency for GPIO [SYS]
2025-02-12 00:31:05,655 [INFO] Gpio:277 - dependency for GPIO [SYS]
2025-02-12 00:31:07,752 [INFO] UtilMem:75 - End SaveConfig() Used Memory: 362959616 Bytes (730857472)
2025-02-12 00:31:09,868 [INFO] UtilMem:75 - End SaveConfig() Used Memory: 398611200 Bytes (730857472)
2025-02-12 00:31:10,525 [INFO] UtilMem:75 - End SaveConfig() Used Memory: 440032000 Bytes (730857472)
2025-02-12 00:31:10,613 [INFO] BlockDiagram:2766 - set Specific Code input for plugin: NVIC
2025-02-12 00:31:10,613 [INFO] BlockDiagram:2766 - set Specific Code input for plugin: SYS
2025-02-12 00:31:10,613 [INFO] BlockDiagram:2766 - set Specific Code input for plugin: GPIO
2025-02-12 00:31:10,613 [INFO] BlockDiagram:2766 - set Specific Code input for plugin: RCC
2025-02-12 00:31:10,614 [INFO] CodeGenerator:896 - code generatio: config db path: /Applications/STM32CubeIDE.app/Contents/Eclipse/plugins/com.st.stm32cube.common.mx_6.13.0.202411220809//db/
2025-02-12 00:31:10,667 [INFO] CodeEngine:255 - oldGeneratedFile, /Users/simon/project/first/MXTmpFiles/license.tmp_save
2025-02-12 00:31:10,768 [INFO] CodeEngine:279 - Generated code: /Users/simon/project/first/MXTmpFiles/license.tmp
2025-02-12 00:31:10,795 [INFO] CodeEngine:255 - oldGeneratedFile, /Users/simon/project/first/MXTmpFiles/gpio.tmp_save
2025-02-12 00:31:10,857 [INFO] CodeEngine:279 - Generated code: /Users/simon/project/first/MXTmpFiles/gpio.tmp
2025-02-12 00:31:10,871 [INFO] CodeEngine:255 - oldGeneratedFile, /Users/simon/project/first/Core/Src/stm32f1xx_it.c_save
2025-02-12 00:31:10,939 [INFO] CodeEngine:279 - Generated code: /Users/simon/project/first/Core/Src/stm32f1xx_it.c
2025-02-12 00:31:10,941 [INFO] CodeEngine:255 - oldGeneratedFile, /Users/simon/project/first/Core/Inc/stm32f1xx_it.h_save
2025-02-12 00:31:10,981 [INFO] CodeEngine:279 - Generated code: /Users/simon/project/first/Core/Inc/stm32f1xx_it.h
2025-02-12 00:31:10,984 [INFO] CodeEngine:255 - oldGeneratedFile, /Users/simon/project/first/Core/Src/stm32f1xx_hal_msp.c_save
2025-02-12 00:31:11,046 [INFO] CodeEngine:279 - Generated code: /Users/simon/project/first/Core/Src/stm32f1xx_hal_msp.c
2025-02-12 00:31:11,047 [INFO] CodeEngine:255 - oldGeneratedFile, /Users/simon/project/first/MXTmpFiles/system.tmp_save
2025-02-12 00:31:11,090 [INFO] CodeEngine:279 - Generated code: /Users/simon/project/first/MXTmpFiles/system.tmp
2025-02-12 00:31:11,092 [INFO] CodeEngine:311 - oldGeneratedFile, /Users/simon/project/first/Core/Inc/stm32f1xx_hal_conf.h_save
2025-02-12 00:31:11,143 [INFO] CodeEngine:335 - Generated code: /Users/simon/project/first/Core/Inc/stm32f1xx_hal_conf.h
2025-02-12 00:31:11,161 [INFO] CodeEngine:255 - oldGeneratedFile, /Users/simon/project/first/Core/Inc/main.h_save
2025-02-12 00:31:11,211 [INFO] CodeEngine:279 - Generated code: /Users/simon/project/first/Core/Inc/main.h
2025-02-12 00:31:11,212 [INFO] CodeEngine:255 - oldGeneratedFile, /Users/simon/project/first/Core/Src/main.c_save
2025-02-12 00:31:11,278 [INFO] CodeEngine:279 - Generated code: /Users/simon/project/first/Core/Src/main.c
2025-02-12 00:31:11,868 [INFO] ProjectBuilder:3289 - Time for Copy HAL[1] : 34mS.
2025-02-12 00:31:11,887 [INFO] ProjectBuilder:4876 - Project Generator version: 4.5.0-RC5
2025-02-12 00:31:12,061 [INFO] ConfigFileManager:1579 - The Die is : DIE410
2025-02-12 00:31:13,503 [INFO] ProjectBuilder:5154 - Time for Generating toolchain IDE Files: 1617mS.
2025-02-12 00:31:13,504 [INFO] ProjectBuilder:3146 - Time for Copy CMSIS : 1mS.
2025-02-12 00:31:13,505 [INFO] ProjectBuilder:3146 - Time for Copy CMSIS : 0mS.
